<?xml version="1.0" encoding="UTF-8"?>
<beans xmlns="http://www.springframework.org/schema/beans"
       xmlns:jaxws="http://cxf.apache.org/jaxws"
       xmlns:xsi="http://www.w3.org/2001/XMLSchema-instance"
       xmlns:http-conf="http://cxf.apache.org/transports/http/configuration"
       xsi:schemaLocation="
       http://www.springframework.org/schema/beans http://www.springframework.org/schema/beans/spring-beans.xsd
       http://cxf.apache.org/jaxws http://cxf.apache.org/schemas/jaxws.xsd
       http://cxf.apache.org/transports/http/configuration http://cxf.apache.org/schemas/configuration/http-conf.xsd">

    <jaxws:client id="testClient"
                  serviceClass="ua.in.sz.pattern.spring.camel.WebService"
                  address="http://localhost:8080/ws/Hello"/>

    <jaxws:client id="testSecondClient"
                  serviceClass="ua.in.sz.pattern.spring.camel.SecondWebService"
                  address="http://localhost:8080/ws/second/Hello"/>

<!--   {http://camel.spring.pattern.sz.in.ua/}WebServiceService.http-conduit  -->
    <http-conf:conduit name="*.http-conduit"
                       xmlns:sec="http://cxf.apache.org/configuration/security"
                       xmlns="http://cxf.apache.org/transports/http/configuration">
        <http-conf:authorization>
            <sec:UserName>admin</sec:UserName>
            <sec:Password>admin</sec:Password>
            <sec:AuthorizationType>Basic</sec:AuthorizationType>
        </http-conf:authorization>
    </http-conf:conduit>
</beans>